CompileCommand: exclude com/intellij/openapi/vfs/impl/FilePartNodeRoot.trieDescend bool exclude = true
Do not use URL connection as JarURLConnection
Do not use URL connection as JarURLConnection
Do not use URL connection as JarURLConnection
Do not use URL connection as JarURLConnection
Do not use URL connection as JarURLConnection
Do not use URL connection as JarURLConnection
Do not use URL connection as JarURLConnection
Do not use URL connection as JarURLConnection
Do not use URL connection as JarURLConnection
Do not use URL connection as JarURLConnection
Do not use URL connection as JarURLConnection
Do not use URL connection as JarURLConnection
Do not use URL connection as JarURLConnection
Do not use URL connection as JarURLConnection
Do not use URL connection as JarURLConnection
Do not use URL connection as JarURLConnection
Do not use URL connection as JarURLConnection
Do not use URL connection as JarURLConnection
Do not use URL connection as JarURLConnection
Do not use URL connection as JarURLConnection
Do not use URL connection as JarURLConnection
Do not use URL connection as JarURLConnection
Do not use URL connection as JarURLConnection
Do not use URL connection as JarURLConnection
Do not use URL connection as JarURLConnection
Do not use URL connection as JarURLConnection
Do not use URL connection as JarURLConnection
Do not use URL connection as JarURLConnection
Do not use URL connection as JarURLConnection
Do not use URL connection as JarURLConnection
Do not use URL connection as JarURLConnection
Do not use URL connection as JarURLConnection
Do not use URL connection as JarURLConnection
Do not use URL connection as JarURLConnection
Do not use URL connection as JarURLConnection
Do not use URL connection as JarURLConnection
Do not use URL connection as JarURLConnection
Do not use URL connection as JarURLConnection
Do not use URL connection as JarURLConnection
Do not use URL connection as JarURLConnection
Do not use URL connection as JarURLConnection
Do not use URL connection as JarURLConnection
Do not use URL connection as JarURLConnection
Do not use URL connection as JarURLConnection
Do not use URL connection as JarURLConnection
Do not use URL connection as JarURLConnection
Do not use URL connection as JarURLConnection
Do not use URL connection as JarURLConnection
Do not use URL connection as JarURLConnection
Do not use URL connection as JarURLConnection
Do not use URL connection as JarURLConnection
Do not use URL connection as JarURLConnection
Do not use URL connection as JarURLConnection
Do not use URL connection as JarURLConnection
Do not use URL connection as JarURLConnection
Do not use URL connection as JarURLConnection
Do not use URL connection as JarURLConnection
Do not use URL connection as JarURLConnection
Do not use URL connection as JarURLConnection
Do not use URL connection as JarURLConnection
Do not use URL connection as JarURLConnection
Do not use URL connection as JarURLConnection
Do not use URL connection as JarURLConnection
Do not use URL connection as JarURLConnection
Do not use URL connection as JarURLConnection
2023-12-05 16:40:27,342 [   3059]   WARN - #c.i.c.ComponentStoreImpl - Duplicated scheme Light - old: Light, new Light

Info  | RdCoroutineScope          | 75:DefaultDispatcher-worker-62 | RdCoroutineHost overridden 
2023-12-05 16:40:30,883 [   6600]   WARN - #o.j.i.maven - performImport async: Linear Import is disabled
2023-12-05 16:40:31,065 [   6782]   WARN - #o.j.i.maven - Trying to add the same listener twice
2023-12-05 16:40:31,076 [   6793]   WARN - #o.j.i.maven - updateAllMavenProjectsSync started, edt=false
2023-12-05 16:40:32,559 [   8276]   WARN - #c.i.e.r.RemoteProcessSupport - SLF4J: Class path contains multiple SLF4J bindings.
2023-12-05 16:40:32,560 [   8277]   WARN - #c.i.e.r.RemoteProcessSupport - SLF4J: Found binding in [jar:file:/home/lucopdev/idea-IC-232.10203.10/plugins/maven/lib/maven36-server.jar!/org/slf4j/impl/StaticLoggerBinder.class]
2023-12-05 16:40:32,560 [   8277]   WARN - #c.i.e.r.RemoteProcessSupport - SLF4J: Found binding in [jar:file:/home/lucopdev/idea-IC-232.10203.10/lib/util-8.jar!/org/slf4j/impl/StaticLoggerBinder.class]
2023-12-05 16:40:32,560 [   8277]   WARN - #c.i.e.r.RemoteProcessSupport - SLF4J: See http://www.slf4j.org/codes.html#multiple_bindings for an explanation.
2023-12-05 16:40:32,560 [   8277]   WARN - #c.i.e.r.RemoteProcessSupport - SLF4J: Actual binding is of type [org.jetbrains.idea.maven.server.Maven3WrapperSl4LoggerFactory]
2023-12-05 16:40:39,246 [  14963]   WARN - #c.i.o.v.ExternallyAddedFilesProcessorImpl - Cannot find project config directory for non-default and non-directory based project java-029-java-projeto-final-agrix-fase-c
2023-12-05 16:40:40,764 [  16481]   WARN - #o.j.i.maven - updateAllMavenProjectsSync finished, edt=false
2023-12-05 16:40:40,787 [  16504]   WARN - #c.i.o.v.ExternallyAddedFilesProcessorImpl - Cannot find project config directory for non-default and non-directory based project java-029-java-projeto-final-agrix-fase-c
2023-12-05 16:40:43,720 [  19437]   WARN - #c.i.o.v.ExternallyAddedFilesProcessorImpl - Cannot find project config directory for non-default and non-directory based project java-029-java-projeto-final-agrix-fase-c
2023-12-05 16:43:20,271 [ 175988]   WARN - #git4idea.annotate.GitAnnotationProvider - Git annotations are empty for file /home/lucopdev/trybe/java/projetos/java-029-java-projeto-final-agrix-fase-c/Dockerfile in revision 6a4d8c84220a8b25a6d8e12e5e77ea0df1288367
2023-12-05 16:46:10,262 [ 345979]   WARN - #c.i.u.x.Binding - no accessors for java.time.LocalTime
2023-12-05 16:47:32,979 [ 428696]   WARN - #o.j.i.maven - updateMavenProjectsSync started, edt=false
2023-12-05 16:47:34,064 [ 429781]   WARN - #o.j.i.maven - updateMavenProjectsSync finished, edt=false
2023-12-05 17:02:56,223 [1351940]   WARN - #o.j.k.i.s.r.KotlinCompilerReferenceIndexStorage - kotlin-data-container is not found
2023-12-05 17:02:59,908 [1355625]   WARN - #c.i.o.m.LanguageLevelUtil - File not found: api22.txt
2023-12-05 17:04:05,663 [1421380]   WARN - #o.j.i.maven - updateMavenProjectsSync started, edt=false
2023-12-05 17:04:09,307 [1425024]   WARN - #o.j.i.maven - updateMavenProjectsSync finished, edt=false
2023-12-05 17:04:10,454 [1426171]   WARN - #c.i.e.r.RemoteProcessSupport - SLF4J: Class path contains multiple SLF4J bindings.
2023-12-05 17:04:10,455 [1426172]   WARN - #c.i.e.r.RemoteProcessSupport - SLF4J: Found binding in [jar:file:/home/lucopdev/idea-IC-232.10203.10/lib/util-8.jar!/org/slf4j/impl/StaticLoggerBinder.class]
2023-12-05 17:04:10,455 [1426172]   WARN - #c.i.e.r.RemoteProcessSupport - SLF4J: Found binding in [jar:file:/home/lucopdev/idea-IC-232.10203.10/plugins/maven/lib/maven3/lib/maven-slf4j-provider-3.9.2.jar!/org/slf4j/impl/StaticLoggerBinder.class]
2023-12-05 17:04:10,455 [1426172]   WARN - #c.i.e.r.RemoteProcessSupport - SLF4J: See http://www.slf4j.org/codes.html#multiple_bindings for an explanation.
2023-12-05 17:04:10,461 [1426178]   WARN - #c.i.e.r.RemoteProcessSupport - SLF4J: Actual binding is of type [org.slf4j.impl.JDK14LoggerFactory]
2023-12-05 17:05:11,449 [1487166]   WARN - #o.j.k.i.s.r.KotlinCompilerReferenceIndexStorage - kotlin-data-container is not found
2023-12-05 17:13:35,067 [1990784]   WARN - org.apache.velocity.deprecation - configuration key 'resource.loader' has been deprecated in favor of 'resource.loaders'
2023-12-05 17:13:35,077 [1990794]   WARN - org.apache.velocity.deprecation - configuration key 'includes.resource.loader.instance' has been deprecated in favor of 'resource.loader.includes.instance'
2023-12-05 17:18:24,265 [2279982]   WARN - org.apache.velocity.deprecation - configuration key 'resource.loader' has been deprecated in favor of 'resource.loaders'
2023-12-05 17:18:24,266 [2279983]   WARN - org.apache.velocity.deprecation - configuration key 'includes.resource.loader.class' has been deprecated in favor of 'resource.loader.includes.class'
2023-12-05 17:19:13,515 [2329232]   WARN - #c.i.o.o.e.ConfigurableExtensionPointUtil - ignore configurable with duplicated id: device.file.explorer
2023-12-05 17:19:13,582 [2329299]   WARN - #c.i.o.o.e.ConfigurableExtensionPointUtil - ignore deprecated groupId: language for id: preferences.language.Kotlin.scripting
2023-12-05 17:25:34,505 [2710222]   WARN - #o.j.k.i.s.r.KotlinCompilerReferenceIndexStorage - kotlin-data-container is not found
2023-12-05 17:26:43,310 [2779027]   WARN - #o.j.k.i.s.r.KotlinCompilerReferenceIndexStorage - kotlin-data-container is not found
2023-12-05 22:07:40,508 [19636225]   WARN - #o.j.k.i.s.r.KotlinCompilerReferenceIndexStorage - kotlin-data-container is not found
2023-12-05 22:19:10,943 [20326660]   WARN - #o.j.k.i.s.r.KotlinCompilerReferenceIndexStorage - kotlin-data-container is not found
2023-12-05 22:19:18,029 [20333746]   WARN - #c.i.d.r.d.DockerComposeDeployer - Cannot create class com.intellij.docker.compose.configuration.beans.parse.PureDockerComposeConfigurationParser (classloader=PluginClassLoader(plugin=PluginDescriptor(name=Docker, id=Docker, descriptorPath=plugin.xml, path=~/.local/share/JetBrains/IdeaIC2023.2/clouds-docker-impl, version=232.10203.2, package=com.intellij.docker, isBundled=false), packagePrefix=com.intellij.docker., state=active))
com.intellij.diagnostic.PluginException: Cannot create class com.intellij.docker.compose.configuration.beans.parse.PureDockerComposeConfigurationParser (classloader=PluginClassLoader(plugin=PluginDescriptor(name=Docker, id=Docker, descriptorPath=plugin.xml, path=~/.local/share/JetBrains/IdeaIC2023.2/clouds-docker-impl, version=232.10203.2, package=com.intellij.docker, isBundled=false), packagePrefix=com.intellij.docker., state=active))
	at com.intellij.serviceContainer.ComponentManagerImpl.doInstantiateClass(ComponentManagerImpl.kt:1003)
	at com.intellij.serviceContainer.ComponentManagerImpl.instantiateClass(ComponentManagerImpl.kt:954)
	at com.intellij.serviceContainer.ComponentManagerImpl.createLightService(ComponentManagerImpl.kt:933)
	at com.intellij.serviceContainer.ComponentManagerImpl.getOrCreateLightService(ComponentManagerImpl.kt:736)
	at com.intellij.serviceContainer.ComponentManagerImpl.doGetService(ComponentManagerImpl.kt:688)
	at com.intellij.serviceContainer.ComponentManagerImpl.getService(ComponentManagerImpl.kt:630)
	at com.intellij.docker.compose.configuration.beans.parse.PureDockerComposeConfigurationParser$Companion.getInstance(PureDockerComposeConfigurationParser.kt:160)
	at com.intellij.docker.compose.configuration.beans.parse.PureDockerComposeConfigurationParser.getInstance(PureDockerComposeConfigurationParser.kt)
	at com.intellij.docker.compose.configuration.beans.parse.DockerComposeConfigurationParserUtil.uncachedParserForUi(DockerComposeConfigurationParserUtil.java:28)
	at com.intellij.docker.compose.configuration.beans.parse.DockerComposeFileConfigurationProvider$myCachingParser$2.invoke(DockerComposeFileConfigurationProvider.kt:38)
	at com.intellij.docker.compose.configuration.beans.parse.DockerComposeFileConfigurationProvider$myCachingParser$2.invoke(DockerComposeFileConfigurationProvider.kt:37)
	at kotlin.SynchronizedLazyImpl.getValue(LazyJVM.kt:74)
	at com.intellij.docker.compose.configuration.beans.parse.DockerComposeFileConfigurationProvider.getMyCachingParser(DockerComposeFileConfigurationProvider.kt:37)
	at com.intellij.docker.compose.configuration.beans.parse.DockerComposeFileConfigurationProvider.getConfigFor(DockerComposeFileConfigurationProvider.kt:57)
	at com.intellij.docker.compose.configuration.beans.parse.DockerComposeFileConfigurationProvider.getConfigFor$default(DockerComposeFileConfigurationProvider.kt:45)
	at com.intellij.docker.runtimes.deploy.DockerComposeDeployerKt.computeComposeProjectName(DockerComposeDeployer.kt:231)
	at com.intellij.docker.runtimes.deploy.DockerComposeDeployerKt.computeComposeProjectName(DockerComposeDeployer.kt:218)
	at com.intellij.docker.DockerRuntimesManager.deploy(DockerRuntimesManager.kt:338)
	at com.intellij.docker.runtimes.DockerRuntimeKt.deploy(DockerRuntime.kt:186)
	at com.intellij.docker.runtimes.deploy.DockerDeployToServerStateProvider$DockerState$execute$1.invoke(DockerDeployToServerStateProvider.kt:68)
	at com.intellij.docker.runtimes.deploy.DockerDeployToServerStateProvider$DockerState$execute$1.invoke(DockerDeployToServerStateProvider.kt:68)
	at com.intellij.docker.runtimes.deploy.DockerDeployToServerStateProvider$DockerState.execute$lambda$0(DockerDeployToServerStateProvider.kt:68)
	at java.base/java.util.concurrent.CompletableFuture.uniAcceptNow(CompletableFuture.java:757)
	at java.base/java.util.concurrent.CompletableFuture.uniAcceptStage(CompletableFuture.java:735)
	at java.base/java.util.concurrent.CompletableFuture.thenAccept(CompletableFuture.java:2182)
	at com.intellij.docker.runtimes.deploy.DockerDeployToServerStateProvider$DockerState.execute(DockerDeployToServerStateProvider.kt:68)
	at com.intellij.execution.runners.DefaultProgramRunnerKt.executeState(DefaultProgramRunner.kt:33)
	at com.intellij.remoteServer.impl.runtime.DeployToServerRunner$execute$1.invoke(DeployToServerRunner.kt:21)
	at com.intellij.remoteServer.impl.runtime.DeployToServerRunner$execute$1.invoke(DeployToServerRunner.kt:20)
	at com.intellij.execution.impl.ExecutionManagerImpl$startRunProfile$1.invoke(ExecutionManagerImpl.kt:207)
	at com.intellij.execution.impl.ExecutionManagerImpl$startRunProfile$1.invoke(ExecutionManagerImpl.kt:205)
	at com.intellij.execution.impl.ExecutionManagerImpl.doStartRunProfile$lambda$2(ExecutionManagerImpl.kt:269)
	at com.intellij.util.concurrency.ContextRunnable.run(ContextRunnable.java:24)
	at com.intellij.openapi.application.TransactionGuardImpl.runWithWritingAllowed(TransactionGuardImpl.java:208)
	at com.intellij.openapi.application.TransactionGuardImpl.access$100(TransactionGuardImpl.java:21)
	at com.intellij.openapi.application.TransactionGuardImpl$1.run(TransactionGuardImpl.java:190)
	at com.intellij.openapi.application.impl.ApplicationImpl.runIntendedWriteActionOnCurrentThread(ApplicationImpl.java:861)
	at com.intellij.openapi.application.impl.ApplicationImpl$4.run(ApplicationImpl.java:478)
	at com.intellij.openapi.application.impl.FlushQueue.doRun(FlushQueue.java:79)
	at com.intellij.openapi.application.impl.FlushQueue.runNextEvent(FlushQueue.java:121)
	at com.intellij.openapi.application.impl.FlushQueue.flushNow(FlushQueue.java:41)
	at java.desktop/java.awt.event.InvocationEvent.dispatch(InvocationEvent.java:318)
	at java.desktop/java.awt.EventQueue.dispatchEventImpl(EventQueue.java:792)
	at java.desktop/java.awt.EventQueue$3.run(EventQueue.java:739)
	at java.desktop/java.awt.EventQueue$3.run(EventQueue.java:733)
	at java.base/java.security.AccessController.doPrivileged(AccessController.java:399)
	at java.base/java.security.ProtectionDomain$JavaSecurityAccessImpl.doIntersectionPrivilege(ProtectionDomain.java:86)
	at java.desktop/java.awt.EventQueue.dispatchEvent(EventQueue.java:761)
	at com.intellij.ide.IdeEventQueue.defaultDispatchEvent(IdeEventQueue.kt:690)
	at com.intellij.ide.IdeEventQueue._dispatchEvent$lambda$10(IdeEventQueue.kt:593)
	at com.intellij.openapi.application.impl.ApplicationImpl.runWithoutImplicitRead(ApplicationImpl.java:1485)
	at com.intellij.ide.IdeEventQueue._dispatchEvent(IdeEventQueue.kt:593)
	at com.intellij.ide.IdeEventQueue.access$_dispatchEvent(IdeEventQueue.kt:67)
	at com.intellij.ide.IdeEventQueue$dispatchEvent$processEventRunnable$1$1$1.compute(IdeEventQueue.kt:369)
	at com.intellij.ide.IdeEventQueue$dispatchEvent$processEventRunnable$1$1$1.compute(IdeEventQueue.kt:368)
	at com.intellij.openapi.progress.impl.CoreProgressManager.computePrioritized(CoreProgressManager.java:787)
	at com.intellij.ide.IdeEventQueue$dispatchEvent$processEventRunnable$1$1.invoke(IdeEventQueue.kt:368)
	at com.intellij.ide.IdeEventQueue$dispatchEvent$processEventRunnable$1$1.invoke(IdeEventQueue.kt:363)
	at com.intellij.ide.IdeEventQueueKt.performActivity$lambda$1(IdeEventQueue.kt:997)
	at com.intellij.openapi.application.TransactionGuardImpl.performActivity(TransactionGuardImpl.java:105)
	at com.intellij.ide.IdeEventQueueKt.performActivity(IdeEventQueue.kt:997)
	at com.intellij.ide.IdeEventQueue.dispatchEvent$lambda$7(IdeEventQueue.kt:363)
	at com.intellij.openapi.application.impl.ApplicationImpl.runIntendedWriteActionOnCurrentThread(ApplicationImpl.java:861)
	at com.intellij.ide.IdeEventQueue.dispatchEvent(IdeEventQueue.kt:405)
	at java.desktop/java.awt.EventDispatchThread.pumpOneEventForFilters(EventDispatchThread.java:207)
	at java.desktop/java.awt.EventDispatchThread.pumpEventsForFilter(EventDispatchThread.java:128)
	at java.desktop/java.awt.EventDispatchThread.pumpEventsForHierarchy(EventDispatchThread.java:117)
	at java.desktop/java.awt.EventDispatchThread.pumpEvents(EventDispatchThread.java:113)
	at java.desktop/java.awt.EventDispatchThread.pumpEvents(EventDispatchThread.java:105)
	at java.desktop/java.awt.EventDispatchThread.run(EventDispatchThread.java:92)
Caused by: java.lang.NoClassDefFoundError: com/fasterxml/jackson/dataformat/yaml/YAMLFactory
	at com.intellij.docker.compose.configuration.beans.parse.PureDockerComposeConfigurationParser.<init>(PureDockerComposeConfigurationParser.kt:38)
	at com.intellij.serviceContainer.ComponentManagerImpl.doInstantiateClass(ComponentManagerImpl.kt:962)
	... 69 more
Caused by: java.lang.ClassNotFoundException: com.fasterxml.jackson.dataformat.yaml.YAMLFactory PluginClassLoader(plugin=PluginDescriptor(name=Docker, id=Docker, descriptorPath=plugin.xml, path=~/.local/share/JetBrains/IdeaIC2023.2/clouds-docker-impl, version=232.10203.2, package=com.intellij.docker, isBundled=false), packagePrefix=com.intellij.docker., state=active)
	at com.intellij.ide.plugins.cl.PluginClassLoader.loadClass(PluginClassLoader.kt:156)
	at java.base/java.lang.ClassLoader.loadClass(ClassLoader.java:525)
	... 71 more
2023-12-05 22:19:18,036 [20333753]   WARN - #c.i.d.r.d.DockerComposeDeployer - Cannot create class com.intellij.docker.compose.configuration.beans.parse.PureDockerComposeConfigurationParser (classloader=PluginClassLoader(plugin=PluginDescriptor(name=Docker, id=Docker, descriptorPath=plugin.xml, path=~/.local/share/JetBrains/IdeaIC2023.2/clouds-docker-impl, version=232.10203.2, package=com.intellij.docker, isBundled=false), packagePrefix=com.intellij.docker., state=active))
com.intellij.diagnostic.PluginException: Cannot create class com.intellij.docker.compose.configuration.beans.parse.PureDockerComposeConfigurationParser (classloader=PluginClassLoader(plugin=PluginDescriptor(name=Docker, id=Docker, descriptorPath=plugin.xml, path=~/.local/share/JetBrains/IdeaIC2023.2/clouds-docker-impl, version=232.10203.2, package=com.intellij.docker, isBundled=false), packagePrefix=com.intellij.docker., state=active))
	at com.intellij.serviceContainer.ComponentManagerImpl.doInstantiateClass(ComponentManagerImpl.kt:1003)
	at com.intellij.serviceContainer.ComponentManagerImpl.instantiateClass(ComponentManagerImpl.kt:954)
	at com.intellij.serviceContainer.ComponentManagerImpl.createLightService(ComponentManagerImpl.kt:933)
	at com.intellij.serviceContainer.ComponentManagerImpl.getOrCreateLightService(ComponentManagerImpl.kt:736)
	at com.intellij.serviceContainer.ComponentManagerImpl.doGetService(ComponentManagerImpl.kt:688)
	at com.intellij.serviceContainer.ComponentManagerImpl.getService(ComponentManagerImpl.kt:630)
	at com.intellij.docker.compose.configuration.beans.parse.PureDockerComposeConfigurationParser$Companion.getInstance(PureDockerComposeConfigurationParser.kt:160)
	at com.intellij.docker.compose.configuration.beans.parse.PureDockerComposeConfigurationParser.getInstance(PureDockerComposeConfigurationParser.kt)
	at com.intellij.docker.compose.configuration.beans.parse.DockerComposeConfigurationParserUtil.uncachedParserForUi(DockerComposeConfigurationParserUtil.java:28)
	at com.intellij.docker.compose.configuration.beans.parse.DockerComposeFileConfigurationProvider$myCachingParser$2.invoke(DockerComposeFileConfigurationProvider.kt:38)
	at com.intellij.docker.compose.configuration.beans.parse.DockerComposeFileConfigurationProvider$myCachingParser$2.invoke(DockerComposeFileConfigurationProvider.kt:37)
	at kotlin.SynchronizedLazyImpl.getValue(LazyJVM.kt:74)
	at com.intellij.docker.compose.configuration.beans.parse.DockerComposeFileConfigurationProvider.getMyCachingParser(DockerComposeFileConfigurationProvider.kt:37)
	at com.intellij.docker.compose.configuration.beans.parse.DockerComposeFileConfigurationProvider.getConfigFor(DockerComposeFileConfigurationProvider.kt:57)
	at com.intellij.docker.compose.configuration.beans.parse.DockerComposeFileConfigurationProvider.getConfigFor$default(DockerComposeFileConfigurationProvider.kt:45)
	at com.intellij.docker.runtimes.deploy.DockerComposeDeployerKt.computeComposeProjectName(DockerComposeDeployer.kt:231)
	at com.intellij.docker.runtimes.deploy.DockerComposeDeployerKt.access$computeComposeProjectName(DockerComposeDeployer.kt:1)
	at com.intellij.docker.runtimes.deploy.DockerComposeDeployer.<init>(DockerComposeDeployer.kt:62)
	at com.intellij.docker.DockerRuntimesManager.deploy(DockerRuntimesManager.kt:347)
	at com.intellij.docker.runtimes.DockerRuntimeKt.deploy(DockerRuntime.kt:186)
	at com.intellij.docker.runtimes.deploy.DockerDeployToServerStateProvider$DockerState$execute$1.invoke(DockerDeployToServerStateProvider.kt:68)
	at com.intellij.docker.runtimes.deploy.DockerDeployToServerStateProvider$DockerState$execute$1.invoke(DockerDeployToServerStateProvider.kt:68)
	at com.intellij.docker.runtimes.deploy.DockerDeployToServerStateProvider$DockerState.execute$lambda$0(DockerDeployToServerStateProvider.kt:68)
	at java.base/java.util.concurrent.CompletableFuture.uniAcceptNow(CompletableFuture.java:757)
	at java.base/java.util.concurrent.CompletableFuture.uniAcceptStage(CompletableFuture.java:735)
	at java.base/java.util.concurrent.CompletableFuture.thenAccept(CompletableFuture.java:2182)
	at com.intellij.docker.runtimes.deploy.DockerDeployToServerStateProvider$DockerState.execute(DockerDeployToServerStateProvider.kt:68)
	at com.intellij.execution.runners.DefaultProgramRunnerKt.executeState(DefaultProgramRunner.kt:33)
	at com.intellij.remoteServer.impl.runtime.DeployToServerRunner$execute$1.invoke(DeployToServerRunner.kt:21)
	at com.intellij.remoteServer.impl.runtime.DeployToServerRunner$execute$1.invoke(DeployToServerRunner.kt:20)
	at com.intellij.execution.impl.ExecutionManagerImpl$startRunProfile$1.invoke(ExecutionManagerImpl.kt:207)
	at com.intellij.execution.impl.ExecutionManagerImpl$startRunProfile$1.invoke(ExecutionManagerImpl.kt:205)
	at com.intellij.execution.impl.ExecutionManagerImpl.doStartRunProfile$lambda$2(ExecutionManagerImpl.kt:269)
	at com.intellij.util.concurrency.ContextRunnable.run(ContextRunnable.java:24)
	at com.intellij.openapi.application.TransactionGuardImpl.runWithWritingAllowed(TransactionGuardImpl.java:208)
	at com.intellij.openapi.application.TransactionGuardImpl.access$100(TransactionGuardImpl.java:21)
	at com.intellij.openapi.application.TransactionGuardImpl$1.run(TransactionGuardImpl.java:190)
	at com.intellij.openapi.application.impl.ApplicationImpl.runIntendedWriteActionOnCurrentThread(ApplicationImpl.java:861)
	at com.intellij.openapi.application.impl.ApplicationImpl$4.run(ApplicationImpl.java:478)
	at com.intellij.openapi.application.impl.FlushQueue.doRun(FlushQueue.java:79)
	at com.intellij.openapi.application.impl.FlushQueue.runNextEvent(FlushQueue.java:121)
	at com.intellij.openapi.application.impl.FlushQueue.flushNow(FlushQueue.java:41)
	at java.desktop/java.awt.event.InvocationEvent.dispatch(InvocationEvent.java:318)
	at java.desktop/java.awt.EventQueue.dispatchEventImpl(EventQueue.java:792)
	at java.desktop/java.awt.EventQueue$3.run(EventQueue.java:739)
	at java.desktop/java.awt.EventQueue$3.run(EventQueue.java:733)
	at java.base/java.security.AccessController.doPrivileged(AccessController.java:399)
	at java.base/java.security.ProtectionDomain$JavaSecurityAccessImpl.doIntersectionPrivilege(ProtectionDomain.java:86)
	at java.desktop/java.awt.EventQueue.dispatchEvent(EventQueue.java:761)
	at com.intellij.ide.IdeEventQueue.defaultDispatchEvent(IdeEventQueue.kt:690)
	at com.intellij.ide.IdeEventQueue._dispatchEvent$lambda$10(IdeEventQueue.kt:593)
	at com.intellij.openapi.application.impl.ApplicationImpl.runWithoutImplicitRead(ApplicationImpl.java:1485)
	at com.intellij.ide.IdeEventQueue._dispatchEvent(IdeEventQueue.kt:593)
	at com.intellij.ide.IdeEventQueue.access$_dispatchEvent(IdeEventQueue.kt:67)
	at com.intellij.ide.IdeEventQueue$dispatchEvent$processEventRunnable$1$1$1.compute(IdeEventQueue.kt:369)
	at com.intellij.ide.IdeEventQueue$dispatchEvent$processEventRunnable$1$1$1.compute(IdeEventQueue.kt:368)
	at com.intellij.openapi.progress.impl.CoreProgressManager.computePrioritized(CoreProgressManager.java:787)
	at com.intellij.ide.IdeEventQueue$dispatchEvent$processEventRunnable$1$1.invoke(IdeEventQueue.kt:368)
	at com.intellij.ide.IdeEventQueue$dispatchEvent$processEventRunnable$1$1.invoke(IdeEventQueue.kt:363)
	at com.intellij.ide.IdeEventQueueKt.performActivity$lambda$1(IdeEventQueue.kt:997)
	at com.intellij.openapi.application.TransactionGuardImpl.performActivity(TransactionGuardImpl.java:105)
	at com.intellij.ide.IdeEventQueueKt.performActivity(IdeEventQueue.kt:997)
	at com.intellij.ide.IdeEventQueue.dispatchEvent$lambda$7(IdeEventQueue.kt:363)
	at com.intellij.openapi.application.impl.ApplicationImpl.runIntendedWriteActionOnCurrentThread(ApplicationImpl.java:861)
	at com.intellij.ide.IdeEventQueue.dispatchEvent(IdeEventQueue.kt:405)
	at java.desktop/java.awt.EventDispatchThread.pumpOneEventForFilters(EventDispatchThread.java:207)
	at java.desktop/java.awt.EventDispatchThread.pumpEventsForFilter(EventDispatchThread.java:128)
	at java.desktop/java.awt.EventDispatchThread.pumpEventsForHierarchy(EventDispatchThread.java:117)
	at java.desktop/java.awt.EventDispatchThread.pumpEvents(EventDispatchThread.java:113)
	at java.desktop/java.awt.EventDispatchThread.pumpEvents(EventDispatchThread.java:105)
	at java.desktop/java.awt.EventDispatchThread.run(EventDispatchThread.java:92)
Caused by: java.lang.NoClassDefFoundError: com/fasterxml/jackson/dataformat/yaml/YAMLFactory
	at com.intellij.docker.compose.configuration.beans.parse.PureDockerComposeConfigurationParser.<init>(PureDockerComposeConfigurationParser.kt:38)
	at com.intellij.serviceContainer.ComponentManagerImpl.doInstantiateClass(ComponentManagerImpl.kt:962)
	... 70 more
Caused by: java.lang.ClassNotFoundException: com.fasterxml.jackson.dataformat.yaml.YAMLFactory PluginClassLoader(plugin=PluginDescriptor(name=Docker, id=Docker, descriptorPath=plugin.xml, path=~/.local/share/JetBrains/IdeaIC2023.2/clouds-docker-impl, version=232.10203.2, package=com.intellij.docker, isBundled=false), packagePrefix=com.intellij.docker., state=active)
	... 72 more
2023-12-05 22:19:18,140 [20333857]   WARN - #o.j.p.t.AbstractTerminalRunner - Cannot get terminal size from component, defaulting to 80x24
java.util.concurrent.CompletionException: java.lang.IllegalStateException: component should be showing
	at java.base/java.util.concurrent.CompletableFuture.encodeThrowable(CompletableFuture.java:332)
	at java.base/java.util.concurrent.CompletableFuture.uniApplyNow(CompletableFuture.java:674)
	at java.base/java.util.concurrent.CompletableFuture.uniApplyStage(CompletableFuture.java:662)
	at java.base/java.util.concurrent.CompletableFuture.thenApply(CompletableFuture.java:2168)
	at org.jetbrains.plugins.terminal.AbstractTerminalRunner.awaitTermSize(AbstractTerminalRunner.java:242)
	at org.jetbrains.plugins.terminal.AbstractTerminalRunner.lambda$openSessionInDirectory$4(AbstractTerminalRunner.java:205)
	at com.intellij.openapi.application.TransactionGuardImpl.runWithWritingAllowed(TransactionGuardImpl.java:208)
	at com.intellij.openapi.application.TransactionGuardImpl.access$100(TransactionGuardImpl.java:21)
	at com.intellij.openapi.application.TransactionGuardImpl$1.run(TransactionGuardImpl.java:190)
	at com.intellij.openapi.application.impl.ApplicationImpl.runIntendedWriteActionOnCurrentThread(ApplicationImpl.java:861)
	at com.intellij.openapi.application.impl.ApplicationImpl$4.run(ApplicationImpl.java:478)
	at com.intellij.openapi.application.impl.FlushQueue.doRun(FlushQueue.java:79)
	at com.intellij.openapi.application.impl.FlushQueue.runNextEvent(FlushQueue.java:121)
	at com.intellij.openapi.application.impl.FlushQueue.flushNow(FlushQueue.java:41)
	at java.desktop/java.awt.event.InvocationEvent.dispatch(InvocationEvent.java:318)
	at java.desktop/java.awt.EventQueue.dispatchEventImpl(EventQueue.java:792)
	at java.desktop/java.awt.EventQueue$3.run(EventQueue.java:739)
	at java.desktop/java.awt.EventQueue$3.run(EventQueue.java:733)
	at java.base/java.security.AccessController.doPrivileged(AccessController.java:399)
	at java.base/java.security.ProtectionDomain$JavaSecurityAccessImpl.doIntersectionPrivilege(ProtectionDomain.java:86)
	at java.desktop/java.awt.EventQueue.dispatchEvent(EventQueue.java:761)
	at com.intellij.ide.IdeEventQueue.defaultDispatchEvent(IdeEventQueue.kt:690)
	at com.intellij.ide.IdeEventQueue._dispatchEvent$lambda$10(IdeEventQueue.kt:593)
	at com.intellij.openapi.application.impl.ApplicationImpl.runWithoutImplicitRead(ApplicationImpl.java:1485)
	at com.intellij.ide.IdeEventQueue._dispatchEvent(IdeEventQueue.kt:593)
	at com.intellij.ide.IdeEventQueue.access$_dispatchEvent(IdeEventQueue.kt:67)
	at com.intellij.ide.IdeEventQueue$dispatchEvent$processEventRunnable$1$1$1.compute(IdeEventQueue.kt:369)
	at com.intellij.ide.IdeEventQueue$dispatchEvent$processEventRunnable$1$1$1.compute(IdeEventQueue.kt:368)
	at com.intellij.openapi.progress.impl.CoreProgressManager.computePrioritized(CoreProgressManager.java:787)
	at com.intellij.ide.IdeEventQueue$dispatchEvent$processEventRunnable$1$1.invoke(IdeEventQueue.kt:368)
	at com.intellij.ide.IdeEventQueue$dispatchEvent$processEventRunnable$1$1.invoke(IdeEventQueue.kt:363)
	at com.intellij.ide.IdeEventQueueKt.performActivity$lambda$1(IdeEventQueue.kt:997)
	at com.intellij.openapi.application.TransactionGuardImpl.performActivity(TransactionGuardImpl.java:105)
	at com.intellij.ide.IdeEventQueueKt.performActivity(IdeEventQueue.kt:997)
	at com.intellij.ide.IdeEventQueue.dispatchEvent$lambda$7(IdeEventQueue.kt:363)
	at com.intellij.openapi.application.impl.ApplicationImpl.runIntendedWriteActionOnCurrentThread(ApplicationImpl.java:861)
	at com.intellij.ide.IdeEventQueue.dispatchEvent(IdeEventQueue.kt:405)
	at java.desktop/java.awt.EventDispatchThread.pumpOneEventForFilters(EventDispatchThread.java:207)
	at java.desktop/java.awt.EventDispatchThread.pumpEventsForFilter(EventDispatchThread.java:128)
	at java.desktop/java.awt.EventDispatchThread.pumpEventsForHierarchy(EventDispatchThread.java:117)
	at java.desktop/java.awt.EventDispatchThread.pumpEvents(EventDispatchThread.java:113)
	at java.desktop/java.awt.EventDispatchThread.pumpEvents(EventDispatchThread.java:105)
	at java.desktop/java.awt.EventDispatchThread.run(EventDispatchThread.java:92)
Caused by: java.lang.IllegalStateException: component should be showing
	at org.jetbrains.plugins.terminal.exp.TerminalUiUtils.awaitComponentLayout(TerminalUiUtils.kt:84)
	... 39 more
2023-12-05 22:21:27,742 [20463459]   WARN - #o.j.k.i.s.r.KotlinCompilerReferenceIndexStorage - kotlin-data-container is not found
